TN:
SF:D:/Blockchain-Solidity/bankorus_working/contracts/flat_bankorus.sol
FN:21,Ownable
FN:28,onlyOwner
FN:37,transferOwnership
FN:58,mul
FN:70,div
FN:80,sub
FN:88,add
FN:125,totalSupply
FN:134,transfer
FN:150,balanceOf
FN:189,transferFrom
FN:211,approve
FN:223,allowance
FN:237,increaseApproval
FN:253,decreaseApproval
FN:275,Bankorus
FN:281,setArrayLimit
FN:286,transferToAddresses
FNF:18
FNH:16
FNDA:12,Ownable
FNDA:11,onlyOwner
FNDA:2,transferOwnership
FNDA:0,mul
FNDA:0,div
FNDA:14,sub
FNDA:17,add
FNDA:3,totalSupply
FNDA:10,transfer
FNDA:13,balanceOf
FNDA:7,transferFrom
FNDA:21,approve
FNDA:16,allowance
FNDA:8,increaseApproval
FNDA:8,decreaseApproval
FNDA:8,Bankorus
FNDA:3,setArrayLimit
FNDA:3,transferToAddresses
DA:22,12
DA:29,11
DA:30,8
DA:38,2
DA:39,1
DA:40,1
DA:59,0
DA:60,0
DA:62,0
DA:63,0
DA:64,0
DA:72,0
DA:74,0
DA:81,14
DA:82,14
DA:89,17
DA:90,17
DA:91,17
DA:126,3
DA:135,10
DA:136,8
DA:139,6
DA:140,6
DA:141,6
DA:142,6
DA:151,13
DA:190,7
DA:191,6
DA:192,4
DA:194,3
DA:195,3
DA:196,3
DA:197,3
DA:198,3
DA:212,21
DA:213,21
DA:214,21
DA:224,16
DA:238,8
DA:239,8
DA:240,8
DA:254,8
DA:255,8
DA:256,6
DA:258,2
DA:260,8
DA:261,8
DA:276,8
DA:277,8
DA:278,8
DA:282,3
DA:283,2
DA:287,3
DA:288,2
DA:290,1
DA:291,1
DA:292,2
DA:294,1
LF:58
LH:51
BRDA:29,1,0,8
BRDA:29,1,1,3
BRDA:38,2,0,1
BRDA:38,2,1,1
BRDA:59,3,0,0
BRDA:59,3,1,0
BRDA:63,4,0,0
BRDA:63,4,1,0
BRDA:81,5,0,14
BRDA:81,5,1,0
BRDA:90,6,0,17
BRDA:90,6,1,0
BRDA:135,7,0,8
BRDA:135,7,1,2
BRDA:136,8,0,6
BRDA:136,8,1,2
BRDA:190,9,0,6
BRDA:190,9,1,1
BRDA:191,10,0,4
BRDA:191,10,1,2
BRDA:192,11,0,3
BRDA:192,11,1,1
BRDA:255,12,0,6
BRDA:255,12,1,2
BRDA:282,13,0,2
BRDA:282,13,1,1
BRDA:287,14,0,2
BRDA:287,14,1,1
BRDA:288,15,0,1
BRDA:288,15,1,1
BRDA:292,16,0,2
BRDA:292,16,1,0
BRF:32
BRH:25
end_of_record
TN:
SF:D:/Blockchain-Solidity/bankorus_working/contracts/mocks/BasicTokenMock.sol
FN:10,BasicTokenMock
FNF:1
FNH:1
FNDA:7,BasicTokenMock
DA:11,7
DA:12,7
LF:2
LH:2
BRF:0
BRH:0
end_of_record
TN:
SF:D:/Blockchain-Solidity/bankorus_working/contracts/mocks/StandardTokenMock.sol
FN:8,StandardTokenMock
FNF:1
FNH:1
FNDA:38,StandardTokenMock
DA:9,38
DA:10,38
LF:2
LH:2
BRF:0
BRH:0
end_of_record
